Assuming unrestricted shared filesystem usage.
None
host: alfred-framework
Building DAG of jobs...
Using shell: /usr/bin/bash
Provided cores: 2
Rules claiming more threads will be scaled down.
Job stats:
job            count
-----------  -------
all                1
filter_bqsr        2
total              3

Select jobs to execute...
Execute 2 jobs...
[Tue Dec 30 17:59:39 2025]
localrule filter_bqsr:
    output: TEMP_vcf_files/Pf3D7_MIT_v3.filt.vcf, PASS_vcf_files/Pf3D7_MIT_v3.filt.vcf
    jobid: 1
    reason: Code has changed since last execution
    wildcards: filter_file=Pf3D7_MIT_v3.filt
    resources: tmpdir=/tmp
[Tue Dec 30 17:59:39 2025]
localrule filter_bqsr:
    output: TEMP_vcf_files/Pf3D7_API_v3.filt.vcf, PASS_vcf_files/Pf3D7_API_v3.filt.vcf
    jobid: 2
    reason: Code has changed since last execution
    wildcards: filter_file=Pf3D7_API_v3.filt
    resources: tmpdir=/tmp
[Tue Dec 30 18:00:06 2025]
Finished jobid: 1 (Rule: filter_bqsr)
1 of 3 steps (33%) done
Removing temporary output TEMP_vcf_files/Pf3D7_MIT_v3.filt.vcf.
[Tue Dec 30 18:01:31 2025]
Finished jobid: 2 (Rule: filter_bqsr)
2 of 3 steps (67%) done
Removing temporary output TEMP_vcf_files/Pf3D7_API_v3.filt.vcf.
Select jobs to execute...
Execute 1 jobs...
[Tue Dec 30 18:01:31 2025]
localrule all:
    input: PASS_vcf_files/Pf3D7_MIT_v3.filt.vcf, PASS_vcf_files/Pf3D7_API_v3.filt.vcf
    jobid: 0
    reason: Input files updated by another job: PASS_vcf_files/Pf3D7_MIT_v3.filt.vcf, PASS_vcf_files/Pf3D7_API_v3.filt.vcf
    resources: tmpdir=/tmp
[Tue Dec 30 18:01:31 2025]
Finished jobid: 0 (Rule: all)
3 of 3 steps (100%) done
Complete log(s): /home/alfred/gatk4-illumina/filter_bqsr/.snakemake/log/2025-12-30T175939.222572.snakemake.log
