Assuming unrestricted shared filesystem usage.
None
host: alfred-framework
Building DAG of jobs...
Using shell: /usr/bin/bash
Provided cores: 2
Rules claiming more threads will be scaled down.
Job stats:
job            count
-----------  -------
all                1
filter_bqsr        1
total              2

Select jobs to execute...
Execute 1 jobs...
[Tue Dec 30 18:01:52 2025]
localrule filter_bqsr:
    output: TEMP_vcf_files/Pf3D7_MIT_v3.filt.vcf, PASS_vcf_files/Pf3D7_MIT_v3.filt.vcf
    jobid: 1
    reason: Code has changed since last execution
    wildcards: filter_file=Pf3D7_MIT_v3.filt
    resources: tmpdir=/tmp
[Tue Dec 30 18:02:19 2025]
Finished jobid: 1 (Rule: filter_bqsr)
1 of 2 steps (50%) done
Removing temporary output TEMP_vcf_files/Pf3D7_MIT_v3.filt.vcf.
Select jobs to execute...
Execute 1 jobs...
[Tue Dec 30 18:02:19 2025]
localrule all:
    input: PASS_vcf_files/Pf3D7_MIT_v3.filt.vcf, PASS_vcf_files/Pf3D7_API_v3.filt.vcf
    jobid: 0
    reason: Input files updated by another job: PASS_vcf_files/Pf3D7_MIT_v3.filt.vcf
    resources: tmpdir=/tmp
[Tue Dec 30 18:02:19 2025]
Finished jobid: 0 (Rule: all)
2 of 2 steps (100%) done
Complete log(s): /home/alfred/gatk4-illumina/filter_bqsr/.snakemake/log/2025-12-30T180151.863101.snakemake.log
